{
  "timestamp": "2026-06-04T11:33:23.466Z",
  "url": "http://srv1029267.hstgr.cloud:8000/api/po-items/1",
  "originalBody": {
    "po_description": "test",
    "stock_notes": "test",
    "status": "in_stock",
    "quantity": 1,
    "is_dismantled": false,
    "po_id": 1,
    "item_id": 11,
    "current_branch_id": 2
  },
  "finalStatus": 500,
  "finalResponse": "Internal Server Error",
  "healed": false,
  "healingDetails": {
    "attempt1": {
      "payload": {
        "po_description": "test",
        "stock_notes": "test",
        "status": "in_stock",
        "quantity": 1,
        "is_dismantled": false,
        "current_branch_id": 2
      },
      "status": 500,
      "response": "Internal Server Error"
    },
    "attempt2": {
      "payload": {
        "po_description": "test",
        "stock_notes": "test",
        "status": "in_stock",
        "quantity": 1,
        "is_dismantled": false
      },
      "status": 500,
      "response": "Internal Server Error"
    }
  }
}